#
# There is insufficient memory for the Java Runtime Environment to continue.
# Native memory allocation (malloc) failed to allocate 32744 bytes. Error detail: Chunk::new
# Possible reasons:
#   The system is out of physical RAM or swap space
#   This process is running with CompressedOops enabled, and the Java Heap may be blocking the growth of the native heap
# Possible solutions:
#   Reduce memory load on the system
#   Increase physical memory or swap space
#   Check if swap backing store is full
#   Decrease Java heap size (-Xmx/-Xms)
#   Decrease number of Java threads
#   Decrease Java thread stack sizes (-Xss)
#   Set larger code cache with -XX:ReservedCodeCacheSize=
#   JVM is running with Zero Based Compressed Oops mode in which the Java heap is
#     placed in the first 32GB address space. The Java Heap base address is the
#     maximum limit for the native heap growth. Please use -XX:HeapBaseMinAddress
#     to set the Java Heap base and to place the Java Heap above 32GB virtual address.
# This output file may be truncated or incomplete.
#
#  Out of Memory Error (arena.cpp:149), pid=11104, tid=1916
#
# JRE version: OpenJDK Runtime Environment (23.0.1+11) (build 23.0.1+11-39)
# Java VM: OpenJDK 64-Bit Server VM (23.0.1+11-39, mixed mode, sharing, tiered, compressed oops, compressed class ptrs, g1 gc, windows-amd64)
# No core dump will be written. Minidumps are not enabled by default on client versions of Windows
#

---------------  S U M M A R Y ------------

Command Line: -Dmaven.multiModuleProjectDirectory=C:\learning\springboot\movie-catalog-service -Djansi.passthrough=true -Dmaven.home=C:\Users\micha\.m2\wrapper\dists\apache-maven-3.9.9-bin\4nf9hui3q3djbarqar9g711ggc\apache-maven-3.9.9 -Dclassworlds.conf=C:\Users\micha\.m2\wrapper\dists\apache-maven-3.9.9-bin\4nf9hui3q3djbarqar9g711ggc\apache-maven-3.9.9\bin\m2.conf -Dmaven.ext.class.path=C:\Program Files\JetBrains\IntelliJ IDEA Community Edition 2024.2.4\plugins\maven\lib\maven-event-listener.jar -javaagent:C:\Program Files\JetBrains\IntelliJ IDEA Community Edition 2024.2.4\lib\idea_rt.jar=52530:C:\Program Files\JetBrains\IntelliJ IDEA Community Edition 2024.2.4\bin -Dfile.encoding=UTF-8 -Dsun.stdout.encoding=UTF-8 -Dsun.stderr.encoding=UTF-8 org.codehaus.classworlds.Launcher -Didea.version=2024.2.4 -s C:\Users\micha\.m2\settings2.xml clean install

Host: Intel(R) Core(TM) i5-8350U CPU @ 1.70GHz, 8 cores, 31G,  Windows 11 , 64 bit Build 22621 (10.0.22621.3958)
Time: Sat Nov 30 15:42:18 2024 Mountain Standard Time elapsed time: 3.610611 seconds (0d 0h 0m 3s)

---------------  T H R E A D  ---------------

Current thread (0x000001e42e872eb0):  JavaThread "C1 CompilerThread0" daemon [_thread_in_native, id=1916, stack(0x0000004dafc00000,0x0000004dafd00000) (1024K)]


Current CompileTask:
C1:3610  917       3       java.net.URLStreamHandler::parseURL (1124 bytes)

Stack: [0x0000004dafc00000,0x0000004dafd00000]
Native frames: (J=compiled Java code, j=interpreted, Vv=VM code, C=native code)
V  [jvm.dll+0x6e08b9]  (no source info available)
V  [jvm.dll+0x87dc83]  (no source info available)
V  [jvm.dll+0x88010e]  (no source info available)
V  [jvm.dll+0x8807e3]  (no source info available)
V  [jvm.dll+0x27aee6]  (no source info available)
V  [jvm.dll+0xbc06f]  (no source info available)
V  [jvm.dll+0xbc2cb]  (no source info available)
V  [jvm.dll+0x15399b]  (no source info available)
V  [jvm.dll+0x194688]  (no source info available)
V  [jvm.dll+0x194647]  (no source info available)
V  [jvm.dll+0x194647]  (no source info available)
V  [jvm.dll+0x193684]  (no source info available)
V  [jvm.dll+0x19394a]  (no source info available)
V  [jvm.dll+0x19566e]  (no source info available)
V  [jvm.dll+0x150a72]  (no source info available)
V  [jvm.dll+0x15022f]  (no source info available)
V  [jvm.dll+0x1504db]  (no source info available)
V  [jvm.dll+0x14f8a8]  (no source info available)
V  [jvm.dll+0x1516ed]  (no source info available)
V  [jvm.dll+0x253cf1]  (no source info available)
V  [jvm.dll+0x251faa]  (no source info available)
V  [jvm.dll+0x3ee036]  (no source info available)
V  [jvm.dll+0x824f8b]  (no source info available)
V  [jvm.dll+0x6df065]  (no source info available)
C  [ucrtbase.dll+0x29333]  (no source info available)
C  [KERNEL32.DLL+0x1257d]  (no source info available)
C  [ntdll.dll+0x5af08]  (no source info available)

Lock stack of current Java thread (top to bottom):


---------------  P R O C E S S  ---------------

Threads class SMR info:
_java_thread_list=0x000001e47425b120, length=13, elements={
0x000001e407ed3a90, 0x000001e42e858fe0, 0x000001e42e859e00, 0x000001e42e85c510,
0x000001e42e85f080, 0x000001e42e85fae0, 0x000001e42e868680, 0x000001e42e86a350,
0x000001e42e872eb0, 0x000001e42e964d80, 0x000001e42eacd070, 0x000001e42eacf190,
0x000001e47424f730
}

Java Threads: ( => current thread )
  0x000001e407ed3a90 JavaThread "main"                              [_thread_in_vm, id=13252, stack(0x0000004daed00000,0x0000004daee00000) (1024K)]
  0x000001e42e858fe0 JavaThread "Reference Handler"          daemon [_thread_blocked, id=14664, stack(0x0000004daf500000,0x0000004daf600000) (1024K)]
  0x000001e42e859e00 JavaThread "Finalizer"                  daemon [_thread_blocked, id=12200, stack(0x0000004daf600000,0x0000004daf700000) (1024K)]
  0x000001e42e85c510 JavaThread "Signal Dispatcher"          daemon [_thread_blocked, id=21728, stack(0x0000004daf700000,0x0000004daf800000) (1024K)]
  0x000001e42e85f080 JavaThread "Attach Listener"            daemon [_thread_blocked, id=19320, stack(0x0000004daf800000,0x0000004daf900000) (1024K)]
  0x000001e42e85fae0 JavaThread "Service Thread"             daemon [_thread_blocked, id=28308, stack(0x0000004daf900000,0x0000004dafa00000) (1024K)]
  0x000001e42e868680 JavaThread "Monitor Deflation Thread"   daemon [_thread_blocked, id=27220, stack(0x0000004dafa00000,0x0000004dafb00000) (1024K)]
  0x000001e42e86a350 JavaThread "C2 CompilerThread0"         daemon [_thread_blocked, id=26092, stack(0x0000004dafb00000,0x0000004dafc00000) (1024K)]
=>0x000001e42e872eb0 JavaThread "C1 CompilerThread0"         daemon [_thread_in_native, id=1916, stack(0x0000004dafc00000,0x0000004dafd00000) (1024K)]
  0x000001e42e964d80 JavaThread "Common-Cleaner"             daemon [_thread_blocked, id=13872, stack(0x0000004dafd00000,0x0000004dafe00000) (1024K)]
  0x000001e42eacd070 JavaThread "Monitor Ctrl-Break"         daemon [_thread_in_native, id=21896, stack(0x0000004daff00000,0x0000004db0000000) (1024K)]
  0x000001e42eacf190 JavaThread "Notification Thread"        daemon [_thread_blocked, id=26268, stack(0x0000004db0000000,0x0000004db0100000) (1024K)]
  0x000001e47424f730 JavaThread "C2 CompilerThread1"         daemon [_thread_blocked, id=29024, stack(0x0000004dafe00000,0x0000004daff00000) (1024K)]
Total: 13

Other Threads:
  0x000001e42e8407d0 VMThread "VM Thread"                           [id=10424, stack(0x0000004daf400000,0x0000004daf500000) (1024K)]
  0x000001e42bf8dd80 WatcherThread "VM Periodic Task Thread"        [id=18260, stack(0x0000004daf300000,0x0000004daf400000) (1024K)]
  0x000001e42bdcfc90 WorkerThread "GC Thread#0"                     [id=13280, stack(0x0000004daee00000,0x0000004daef00000) (1024K)]
  0x000001e40a33ef90 ConcurrentGCThread "G1 Main Marker"            [id=16572, stack(0x0000004daef00000,0x0000004daf000000) (1024K)]
  0x000001e40a33fa60 WorkerThread "G1 Conc#0"                       [id=29464, stack(0x0000004daf000000,0x0000004daf100000) (1024K)]
  0x000001e42be53470 ConcurrentGCThread "G1 Refine#0"               [id=2472, stack(0x0000004daf100000,0x0000004daf200000) (1024K)]
  0x000001e42be53ca0 ConcurrentGCThread "G1 Service"                [id=29420, stack(0x0000004daf200000,0x0000004daf300000) (1024K)]
Total: 7

Threads with active compile tasks:
C1 CompilerThread0  3668  917       3       java.net.URLStreamHandler::parseURL (1124 bytes)
Total: 1

VM state: not at safepoint (normal execution)

VM Mutex/Monitor currently owned by a thread:  ([mutex/lock_event])
[0x00007ffc5abd1890] Metaspace_lock - owner thread: 0x000001e407ed3a90

Heap address: 0x0000000602000000, size: 8160 MB, Compressed Oops mode: Zero based, Oop shift amount: 3

CDS archive(s) mapped at: [0x000001e42f000000-0x000001e42fd70000-0x000001e42fd70000), size 14090240, SharedBaseAddress: 0x000001e42f000000, ArchiveRelocationMode: 1.
Compressed class space mapped at: 0x000001e430000000-0x000001e470000000, reserved size: 1073741824
Narrow klass base: 0x000001e42f000000, Narrow klass shift: 0, Narrow klass range: 0x41000000

GC Precious Log:
 CardTable entry size: 512
 Card Set container configuration: InlinePtr #cards 4 size 8 Array Of Cards #cards 32 size 80 Howl #buckets 8 coarsen threshold 7372 Howl Bitmap #cards 1024 size 144 coarsen threshold 921 Card regions per heap region 1 cards per card region 8192
 CPUs: 8 total, 8 available
 Memory: 32626M
 Large Page Support: Disabled
 NUMA Support: Disabled
 Compressed Oops: Enabled (Zero based)
 Heap Region Size: 4M
 Heap Min Capacity: 8M
 Heap Initial Capacity: 512M
 Heap Max Capacity: 8160M
 Pre-touch: Disabled
 Parallel Workers: 8
 Concurrent Workers: 2
 Concurrent Refinement Workers: 8
 Periodic GC: Disabled

Heap:
 garbage-first heap   total reserved 8355840K, committed 524288K, used 12288K [0x0000000602000000, 0x0000000800000000)
  region size 4096K, 4 young (16384K), 0 survivors (0K)
 Metaspace       used 4278K, committed 4352K, reserved 1114112K
  class space    used 466K, committed 512K, reserved 1048576K

Heap Regions: E=young(eden), S=young(survivor), O=old, HS=humongous(starts), HC=humongous(continues), CS=collection set, F=free, TAMS=top-at-mark-start, PB=parsable bottom
|   0|0x0000000602000000, 0x0000000602000000, 0x0000000602400000|  0%| F|  |TAMS 0x0000000602000000| PB 0x0000000602000000| Untracked |  0
|   1|0x0000000602400000, 0x0000000602400000, 0x0000000602800000|  0%| F|  |TAMS 0x0000000602400000| PB 0x0000000602400000| Untracked |  0
|   2|0x0000000602800000, 0x0000000602800000, 0x0000000602c00000|  0%| F|  |TAMS 0x0000000602800000| PB 0x0000000602800000| Untracked |  0
|   3|0x0000000602c00000, 0x0000000602c00000, 0x0000000603000000|  0%| F|  |TAMS 0x0000000602c00000| PB 0x0000000602c00000| Untracked |  0
|   4|0x0000000603000000, 0x0000000603000000, 0x0000000603400000|  0%| F|  |TAMS 0x0000000603000000| PB 0x0000000603000000| Untracked |  0
|   5|0x0000000603400000, 0x0000000603400000, 0x0000000603800000|  0%| F|  |TAMS 0x0000000603400000| PB 0x0000000603400000| Untracked |  0
|   6|0x0000000603800000, 0x0000000603800000, 0x0000000603c00000|  0%| F|  |TAMS 0x0000000603800000| PB 0x0000000603800000| Untracked |  0
|   7|0x0000000603c00000, 0x0000000603c00000, 0x0000000604000000|  0%| F|  |TAMS 0x0000000603c00000| PB 0x0000000603c00000| Untracked |  0
|   8|0x0000000604000000, 0x0000000604000000, 0x0000000604400000|  0%| F|  |TAMS 0x0000000604000000| PB 0x0000000604000000| Untracked |  0
|   9|0x0000000604400000, 0x0000000604400000, 0x0000000604800000|  0%| F|  |TAMS 0x0000000604400000| PB 0x0000000604400000| Untracked |  0
|  10|0x0000000604800000, 0x0000000604800000, 0x0000000604c00000|  0%| F|  |TAMS 0x0000000604800000| PB 0x0000000604800000| Untracked |  0
|  11|0x0000000604c00000, 0x0000000604c00000, 0x0000000605000000|  0%| F|  |TAMS 0x0000000604c00000| PB 0x0000000604c00000| Untracked |  0
|  12|0x0000000605000000, 0x0000000605000000, 0x0000000605400000|  0%| F|  |TAMS 0x0000000605000000| PB 0x0000000605000000| Untracked |  0
|  13|0x0000000605400000, 0x0000000605400000, 0x0000000605800000|  0%| F|  |TAMS 0x0000000605400000| PB 0x0000000605400000| Untracked |  0
|  14|0x0000000605800000, 0x0000000605800000, 0x0000000605c00000|  0%| F|  |TAMS 0x0000000605800000| PB 0x0000000605800000| Untracked |  0
|  15|0x0000000605c00000, 0x0000000605c00000, 0x0000000606000000|  0%| F|  |TAMS 0x0000000605c00000| PB 0x0000000605c00000| Untracked |  0
|  16|0x0000000606000000, 0x0000000606000000, 0x0000000606400000|  0%| F|  |TAMS 0x0000000606000000| PB 0x0000000606000000| Untracked |  0
|  17|0x0000000606400000, 0x0000000606400000, 0x0000000606800000|  0%| F|  |TAMS 0x0000000606400000| PB 0x0000000606400000| Untracked |  0
|  18|0x0000000606800000, 0x0000000606800000, 0x0000000606c00000|  0%| F|  |TAMS 0x0000000606800000| PB 0x0000000606800000| Untracked |  0
|  19|0x0000000606c00000, 0x0000000606c00000, 0x0000000607000000|  0%| F|  |TAMS 0x0000000606c00000| PB 0x0000000606c00000| Untracked |  0
|  20|0x0000000607000000, 0x0000000607000000, 0x0000000607400000|  0%| F|  |TAMS 0x0000000607000000| PB 0x0000000607000000| Untracked |  0
|  21|0x0000000607400000, 0x0000000607400000, 0x0000000607800000|  0%| F|  |TAMS 0x0000000607400000| PB 0x0000000607400000| Untracked |  0
|  22|0x0000000607800000, 0x0000000607800000, 0x0000000607c00000|  0%| F|  |TAMS 0x0000000607800000| PB 0x0000000607800000| Untracked |  0
|  23|0x0000000607c00000, 0x0000000607c00000, 0x0000000608000000|  0%| F|  |TAMS 0x0000000607c00000| PB 0x0000000607c00000| Untracked |  0
|  24|0x0000000608000000, 0x0000000608000000, 0x0000000608400000|  0%| F|  |TAMS 0x0000000608000000| PB 0x0000000608000000| Untracked |  0
|  25|0x0000000608400000, 0x0000000608400000, 0x0000000608800000|  0%| F|  |TAMS 0x0000000608400000| PB 0x0000000608400000| Untracked |  0
|  26|0x0000000608800000, 0x0000000608800000, 0x0000000608c00000|  0%| F|  |TAMS 0x0000000608800000| PB 0x0000000608800000| Untracked |  0
|  27|0x0000000608c00000, 0x0000000608c00000, 0x0000000609000000|  0%| F|  |TAMS 0x0000000608c00000| PB 0x0000000608c00000| Untracked |  0
|  28|0x0000000609000000, 0x0000000609000000, 0x0000000609400000|  0%| F|  |TAMS 0x0000000609000000| PB 0x0000000609000000| Untracked |  0
|  29|0x0000000609400000, 0x0000000609400000, 0x0000000609800000|  0%| F|  |TAMS 0x0000000609400000| PB 0x0000000609400000| Untracked |  0
|  30|0x0000000609800000, 0x0000000609800000, 0x0000000609c00000|  0%| F|  |TAMS 0x0000000609800000| PB 0x0000000609800000| Untracked |  0
|  31|0x0000000609c00000, 0x0000000609c00000, 0x000000060a000000|  0%| F|  |TAMS 0x0000000609c00000| PB 0x0000000609c00000| Untracked |  0
|  32|0x000000060a000000, 0x000000060a000000, 0x000000060a400000|  0%| F|  |TAMS 0x000000060a000000| PB 0x000000060a000000| Untracked |  0
|  33|0x000000060a400000, 0x000000060a400000, 0x000000060a800000|  0%| F|  |TAMS 0x000000060a400000| PB 0x000000060a400000| Untracked |  0
|  34|0x000000060a800000, 0x000000060a800000, 0x000000060ac00000|  0%| F|  |TAMS 0x000000060a800000| PB 0x000000060a800000| Untracked |  0
|  35|0x000000060ac00000, 0x000000060ac00000, 0x000000060b000000|  0%| F|  |TAMS 0x000000060ac00000| PB 0x000000060ac00000| Untracked |  0
|  36|0x000000060b000000, 0x000000060b000000, 0x000000060b400000|  0%| F|  |TAMS 0x000000060b000000| PB 0x000000060b000000| Untracked |  0
|  37|0x000000060b400000, 0x000000060b400000, 0x000000060b800000|  0%| F|  |TAMS 0x000000060b400000| PB 0x000000060b400000| Untracked |  0
|  38|0x000000060b800000, 0x000000060b800000, 0x000000060bc00000|  0%| F|  |TAMS 0x000000060b800000| PB 0x000000060b800000| Untracked |  0
|  39|0x000000060bc00000, 0x000000060bc00000, 0x000000060c000000|  0%| F|  |TAMS 0x000000060bc00000| PB 0x000000060bc00000| Untracked |  0
|  40|0x000000060c000000, 0x000000060c000000, 0x000000060c400000|  0%| F|  |TAMS 0x000000060c000000| PB 0x000000060c000000| Untracked |  0
|  41|0x000000060c400000, 0x000000060c400000, 0x000000060c800000|  0%| F|  |TAMS 0x000000060c400000| PB 0x000000060c400000| Untracked |  0
|  42|0x000000060c800000, 0x000000060c800000, 0x000000060cc00000|  0%| F|  |TAMS 0x000000060c800000| PB 0x000000060c800000| Untracked |  0
|  43|0x000000060cc00000, 0x000000060cc00000, 0x000000060d000000|  0%| F|  |TAMS 0x000000060cc00000| PB 0x000000060cc00000| Untracked |  0
|  44|0x000000060d000000, 0x000000060d000000, 0x000000060d400000|  0%| F|  |TAMS 0x000000060d000000| PB 0x000000060d000000| Untracked |  0
|  45|0x000000060d400000, 0x000000060d400000, 0x000000060d800000|  0%| F|  |TAMS 0x000000060d400000| PB 0x000000060d400000| Untracked |  0
|  46|0x000000060d800000, 0x000000060d800000, 0x000000060dc00000|  0%| F|  |TAMS 0x000000060d800000| PB 0x000000060d800000| Untracked |  0
|  47|0x000000060dc00000, 0x000000060dc00000, 0x000000060e000000|  0%| F|  |TAMS 0x000000060dc00000| PB 0x000000060dc00000| Untracked |  0
|  48|0x000000060e000000, 0x000000060e000000, 0x000000060e400000|  0%| F|  |TAMS 0x000000060e000000| PB 0x000000060e000000| Untracked |  0
|  49|0x000000060e400000, 0x000000060e400000, 0x000000060e800000|  0%| F|  |TAMS 0x000000060e400000| PB 0x000000060e400000| Untracked |  0
|  50|0x000000060e800000, 0x000000060e800000, 0x000000060ec00000|  0%| F|  |TAMS 0x000000060e800000| PB 0x000000060e800000| Untracked |  0
|  51|0x000000060ec00000, 0x000000060ec00000, 0x000000060f000000|  0%| F|  |TAMS 0x000000060ec00000| PB 0x000000060ec00000| Untracked |  0
|  52|0x000000060f000000, 0x000000060f000000, 0x000000060f400000|  0%| F|  |TAMS 0x000000060f000000| PB 0x000000060f000000| Untracked |  0
|  53|0x000000060f400000, 0x000000060f400000, 0x000000060f800000|  0%| F|  |TAMS 0x000000060f400000| PB 0x000000060f400000| Untracked |  0
|  54|0x000000060f800000, 0x000000060f800000, 0x000000060fc00000|  0%| F|  |TAMS 0x000000060f800000| PB 0x000000060f800000| Untracked |  0
|  55|0x000000060fc00000, 0x000000060fc00000, 0x0000000610000000|  0%| F|  |TAMS 0x000000060fc00000| PB 0x000000060fc00000| Untracked |  0
|  56|0x0000000610000000, 0x0000000610000000, 0x0000000610400000|  0%| F|  |TAMS 0x0000000610000000| PB 0x0000000610000000| Untracked |  0
|  57|0x0000000610400000, 0x0000000610400000, 0x0000000610800000|  0%| F|  |TAMS 0x0000000610400000| PB 0x0000000610400000| Untracked |  0
|  58|0x0000000610800000, 0x0000000610800000, 0x0000000610c00000|  0%| F|  |TAMS 0x0000000610800000| PB 0x0000000610800000| Untracked |  0
|  59|0x0000000610c00000, 0x0000000610c00000, 0x0000000611000000|  0%| F|  |TAMS 0x0000000610c00000| PB 0x0000000610c00000| Untracked |  0
|  60|0x0000000611000000, 0x0000000611000000, 0x0000000611400000|  0%| F|  |TAMS 0x0000000611000000| PB 0x0000000611000000| Untracked |  0
|  61|0x0000000611400000, 0x0000000611400000, 0x0000000611800000|  0%| F|  |TAMS 0x0000000611400000| PB 0x0000000611400000| Untracked |  0
|  62|0x0000000611800000, 0x0000000611800000, 0x0000000611c00000|  0%| F|  |TAMS 0x0000000611800000| PB 0x0000000611800000| Untracked |  0
|  63|0x0000000611c00000, 0x0000000611c00000, 0x0000000612000000|  0%| F|  |TAMS 0x0000000611c00000| PB 0x0000000611c00000| Untracked |  0
|  64|0x0000000612000000, 0x0000000612000000, 0x0000000612400000|  0%| F|  |TAMS 0x0000000612000000| PB 0x0000000612000000| Untracked |  0
|  65|0x0000000612400000, 0x0000000612400000, 0x0000000612800000|  0%| F|  |TAMS 0x0000000612400000| PB 0x0000000612400000| Untracked |  0
|  66|0x0000000612800000, 0x0000000612800000, 0x0000000612c00000|  0%| F|  |TAMS 0x0000000612800000| PB 0x0000000612800000| Untracked |  0
|  67|0x0000000612c00000, 0x0000000612c00000, 0x0000000613000000|  0%| F|  |TAMS 0x0000000612c00000| PB 0x0000000612c00000| Untracked |  0
|  68|0x0000000613000000, 0x0000000613000000, 0x0000000613400000|  0%| F|  |TAMS 0x0000000613000000| PB 0x0000000613000000| Untracked |  0
|  69|0x0000000613400000, 0x0000000613400000, 0x0000000613800000|  0%| F|  |TAMS 0x0000000613400000| PB 0x0000000613400000| Untracked |  0
|  70|0x0000000613800000, 0x0000000613800000, 0x0000000613c00000|  0%| F|  |TAMS 0x0000000613800000| PB 0x0000000613800000| Untracked |  0
|  71|0x0000000613c00000, 0x0000000613c00000, 0x0000000614000000|  0%| F|  |TAMS 0x0000000613c00000| PB 0x0000000613c00000| Untracked |  0
|  72|0x0000000614000000, 0x0000000614000000, 0x0000000614400000|  0%| F|  |TAMS 0x0000000614000000| PB 0x0000000614000000| Untracked |  0
|  73|0x0000000614400000, 0x0000000614400000, 0x0000000614800000|  0%| F|  |TAMS 0x0000000614400000| PB 0x0000000614400000| Untracked |  0
|  74|0x0000000614800000, 0x0000000614800000, 0x0000000614c00000|  0%| F|  |TAMS 0x0000000614800000| PB 0x0000000614800000| Untracked |  0
|  75|0x0000000614c00000, 0x0000000614c00000, 0x0000000615000000|  0%| F|  |TAMS 0x0000000614c00000| PB 0x0000000614c00000| Untracked |  0
|  76|0x0000000615000000, 0x0000000615000000, 0x0000000615400000|  0%| F|  |TAMS 0x0000000615000000| PB 0x0000000615000000| Untracked |  0
|  77|0x0000000615400000, 0x0000000615400000, 0x0000000615800000|  0%| F|  |TAMS 0x0000000615400000| PB 0x0000000615400000| Untracked |  0
|  78|0x0000000615800000, 0x0000000615800000, 0x0000000615c00000|  0%| F|  |TAMS 0x0000000615800000| PB 0x0000000615800000| Untracked |  0
|  79|0x0000000615c00000, 0x0000000615c00000, 0x0000000616000000|  0%| F|  |TAMS 0x0000000615c00000| PB 0x0000000615c00000| Untracked |  0
|  80|0x0000000616000000, 0x0000000616000000, 0x0000000616400000|  0%| F|  |TAMS 0x0000000616000000| PB 0x0000000616000000| Untracked |  0
|  81|0x0000000616400000, 0x0000000616400000, 0x0000000616800000|  0%| F|  |TAMS 0x0000000616400000| PB 0x0000000616400000| Untracked |  0
|  82|0x0000000616800000, 0x0000000616800000, 0x0000000616c00000|  0%| F|  |TAMS 0x0000000616800000| PB 0x0000000616800000| Untracked |  0
|  83|0x0000000616c00000, 0x0000000616c00000, 0x0000000617000000|  0%| F|  |TAMS 0x0000000616c00000| PB 0x0000000616c00000| Untracked |  0
|  84|0x0000000617000000, 0x0000000617000000, 0x0000000617400000|  0%| F|  |TAMS 0x0000000617000000| PB 0x0000000617000000| Untracked |  0
|  85|0x0000000617400000, 0x0000000617400000, 0x0000000617800000|  0%| F|  |TAMS 0x0000000617400000| PB 0x0000000617400000| Untracked |  0
|  86|0x0000000617800000, 0x0000000617800000, 0x0000000617c00000|  0%| F|  |TAMS 0x0000000617800000| PB 0x0000000617800000| Untracked |  0
|  87|0x0000000617c00000, 0x0000000617c00000, 0x0000000618000000|  0%| F|  |TAMS 0x0000000617c00000| PB 0x0000000617c00000| Untracked |  0
|  88|0x0000000618000000, 0x0000000618000000, 0x0000000618400000|  0%| F|  |TAMS 0x0000000618000000| PB 0x0000000618000000| Untracked |  0
|  89|0x0000000618400000, 0x0000000618400000, 0x0000000618800000|  0%| F|  |TAMS 0x0000000618400000| PB 0x0000000618400000| Untracked |  0
|  90|0x0000000618800000, 0x0000000618800000, 0x0000000618c00000|  0%| F|  |TAMS 0x0000000618800000| PB 0x0000000618800000| Untracked |  0
|  91|0x0000000618c00000, 0x0000000618c00000, 0x0000000619000000|  0%| F|  |TAMS 0x0000000618c00000| PB 0x0000000618c00000| Untracked |  0
|  92|0x0000000619000000, 0x0000000619000000, 0x0000000619400000|  0%| F|  |TAMS 0x0000000619000000| PB 0x0000000619000000| Untracked |  0
|  93|0x0000000619400000, 0x0000000619400000, 0x0000000619800000|  0%| F|  |TAMS 0x0000000619400000| PB 0x0000000619400000| Untracked |  0
|  94|0x0000000619800000, 0x0000000619800000, 0x0000000619c00000|  0%| F|  |TAMS 0x0000000619800000| PB 0x0000000619800000| Untracked |  0
|  95|0x0000000619c00000, 0x0000000619c00000, 0x000000061a000000|  0%| F|  |TAMS 0x0000000619c00000| PB 0x0000000619c00000| Untracked |  0
|  96|0x000000061a000000, 0x000000061a000000, 0x000000061a400000|  0%| F|  |TAMS 0x000000061a000000| PB 0x000000061a000000| Untracked |  0
|  97|0x000000061a400000, 0x000000061a400000, 0x000000061a800000|  0%| F|  |TAMS 0x000000061a400000| PB 0x000000061a400000| Untracked |  0
|  98|0x000000061a800000, 0x000000061a800000, 0x000000061ac00000|  0%| F|  |TAMS 0x000000061a800000| PB 0x000000061a800000| Untracked |  0
|  99|0x000000061ac00000, 0x000000061ac00000, 0x000000061b000000|  0%| F|  |TAMS 0x000000061ac00000| PB 0x000000061ac00000| Untracked |  0
| 100|0x000000061b000000, 0x000000061b000000, 0x000000061b400000|  0%| F|  |TAMS 0x000000061b000000| PB 0x000000061b000000| Untracked |  0
| 101|0x000000061b400000, 0x000000061b400000, 0x000000061b800000|  0%| F|  |TAMS 0x000000061b400000| PB 0x000000061b400000| Untracked |  0
| 102|0x000000061b800000, 0x000000061b800000, 0x000000061bc00000|  0%| F|  |TAMS 0x000000061b800000| PB 0x000000061b800000| Untracked |  0
| 103|0x000000061bc00000, 0x000000061bc00000, 0x000000061c000000|  0%| F|  |TAMS 0x000000061bc00000| PB 0x000000061bc00000| Untracked |  0
| 104|0x000000061c000000, 0x000000061c000000, 0x000000061c400000|  0%| F|  |TAMS 0x000000061c000000| PB 0x000000061c000000| Untracked |  0
| 105|0x000000061c400000, 0x000000061c400000, 0x000000061c800000|  0%| F|  |TAMS 0x000000061c400000| PB 0x000000061c400000| Untracked |  0
| 106|0x000000061c800000, 0x000000061c800000, 0x000000061cc00000|  0%| F|  |TAMS 0x000000061c800000| PB 0x000000061c800000| Untracked |  0
| 107|0x000000061cc00000, 0x000000061cc00000, 0x000000061d000000|  0%| F|  |TAMS 0x000000061cc00000| PB 0x000000061cc00000| Untracked |  0
| 108|0x000000061d000000, 0x000000061d000000, 0x000000061d400000|  0%| F|  |TAMS 0x000000061d000000| PB 0x000000061d000000| Untracked |  0
| 109|0x000000061d400000, 0x000000061d400000, 0x000000061d800000|  0%| F|  |TAMS 0x000000061d400000| PB 0x000000061d400000| Untracked |  0
| 110|0x000000061d800000, 0x000000061d800000, 0x000000061dc00000|  0%| F|  |TAMS 0x000000061d800000| PB 0x000000061d800000| Untracked |  0
| 111|0x000000061dc00000, 0x000000061dc00000, 0x000000061e000000|  0%| F|  |TAMS 0x000000061dc00000| PB 0x000000061dc00000| Untracked |  0
| 112|0x000000061e000000, 0x000000061e000000, 0x000000061e400000|  0%| F|  |TAMS 0x000000061e000000| PB 0x000000061e000000| Untracked |  0
| 113|0x000000061e400000, 0x000000061e400000, 0x000000061e800000|  0%| F|  |TAMS 0x000000061e400000| PB 0x000000061e400000| Untracked |  0
| 114|0x000000061e800000, 0x000000061e800000, 0x000000061ec00000|  0%| F|  |TAMS 0x000000061e800000| PB 0x000000061e800000| Untracked |  0
| 115|0x000000061ec00000, 0x000000061ec00000, 0x000000061f000000|  0%| F|  |TAMS 0x000000061ec00000| PB 0x000000061ec00000| Untracked |  0
| 116|0x000000061f000000, 0x000000061f000000, 0x000000061f400000|  0%| F|  |TAMS 0x000000061f000000| PB 0x000000061f000000| Untracked |  0
| 117|0x000000061f400000, 0x000000061f400000, 0x000000061f800000|  0%| F|  |TAMS 0x000000061f400000| PB 0x000000061f400000| Untracked |  0
| 118|0x000000061f800000, 0x000000061f800000, 0x000000061fc00000|  0%| F|  |TAMS 0x000000061f800000| PB 0x000000061f800000| Untracked |  0
| 119|0x000000061fc00000, 0x000000061fc00000, 0x0000000620000000|  0%| F|  |TAMS 0x000000061fc00000| PB 0x000000061fc00000| Untracked |  0
| 120|0x0000000620000000, 0x0000000620000000, 0x0000000620400000|  0%| F|  |TAMS 0x0000000620000000| PB 0x0000000620000000| Untracked |  0
| 121|0x0000000620400000, 0x0000000620400000, 0x0000000620800000|  0%| F|  |TAMS 0x0000000620400000| PB 0x0000000620400000| Untracked |  0
| 122|0x0000000620800000, 0x0000000620800000, 0x0000000620c00000|  0%| F|  |TAMS 0x0000000620800000| PB 0x0000000620800000| Untracked |  0
| 123|0x0000000620c00000, 0x0000000620c00000, 0x0000000621000000|  0%| F|  |TAMS 0x0000000620c00000| PB 0x0000000620c00000| Untracked |  0
| 124|0x0000000621000000, 0x00000006213dbef8, 0x0000000621400000| 96%| E|  |TAMS 0x0000000621000000| PB 0x0000000621000000| Complete |  0
| 125|0x0000000621400000, 0x0000000621800000, 0x0000000621800000|100%| E|CS|TAMS 0x0000000621400000| PB 0x0000000621400000| Complete |  0
| 126|0x0000000621800000, 0x0000000621c00000, 0x0000000621c00000|100%| E|CS|TAMS 0x0000000621800000| PB 0x0000000621800000| Complete |  0
| 127|0x0000000621c00000, 0x0000000622000000, 0x0000000622000000|100%| E|CS|TAMS 0x0000000621c00000| PB 0x0000000621c00000| Complete |  0

Card table byte_map: [0x000001e422e20000,0x000001e423e10000] _byte_map_base: 0x000001e41fe10000

Marking Bits: (CMBitMap*) 0x000001e42bdd03a0
 Bits: [0x000001e423e10000, 0x000001e42bd90000)

Polling page: 0x000001e4080f0000

Metaspace:

Usage:
  Non-class:      3.72 MB used.
      Class:    466.26 KB used.
       Both:      4.18 MB used.

Virtual space:
  Non-class space:       64.00 MB reserved,       3.75 MB (  6%) committed,  1 nodes.
      Class space:        1.00 GB reserved,     512.00 KB ( <1%) committed,  1 nodes.
             Both:        1.06 GB reserved,       4.25 MB ( <1%) committed. 

Chunk freelists:
   Non-Class:  10.11 MB
       Class:  15.45 MB
        Both:  25.56 MB

MaxMetaspaceSize: unlimited
CompressedClassSpaceSize: 1.00 GB
Initial GC threshold: 21.00 MB
Current GC threshold: 21.00 MB
CDS: on
 - commit_granule_bytes: 65536.
 - commit_granule_words: 8192.
 - virtual_space_node_default_size: 8388608.
 - enlarge_chunks_in_place: 1.
 - use_allocation_guard: 0.


Internal statistics:

num_allocs_failed_limit: 0.
num_arena_births: 48.
num_arena_deaths: 0.
num_vsnodes_births: 2.
num_vsnodes_deaths: 0.
num_space_committed: 68.
num_space_uncommitted: 0.
num_chunks_returned_to_freelist: 0.
num_chunks_taken_from_freelist: 152.
num_chunk_merges: 0.
num_chunk_splits: 101.
num_chunks_enlarged: 79.
num_inconsistent_stats: 0.

CodeHeap 'non-profiled nmethods': size=120064Kb used=287Kb max_used=287Kb free=119776Kb
 bounds [0x000001e41a4b0000, 0x000001e41a720000, 0x000001e4219f0000]
CodeHeap 'profiled nmethods': size=120000Kb used=1162Kb max_used=1162Kb free=118837Kb
 bounds [0x000001e4129f0000, 0x000001e412c60000, 0x000001e419f20000]
CodeHeap 'non-nmethods': size=5696Kb used=1367Kb max_used=1388Kb free=4328Kb
 bounds [0x000001e419f20000, 0x000001e41a190000, 0x000001e41a4b0000]
CodeCache: size=245760Kb, used=2816Kb, max_used=2837Kb, free=242941Kb
 total_blobs=1398, nmethods=919, adapters=385, full_count=0
Compilation: enabled, stopped_count=0, restarted_count=0

Compilation events (20 events):
Event: 3.594 Thread 0x000001e42e872eb0 nmethod 907 0x000001e412b0f488 code [0x000001e412b0f5c0, 0x000001e412b0f778]
Event: 3.595 Thread 0x000001e42e872eb0  908       3       jdk.internal.ref.CleanerImpl$PhantomCleanableRef::performCleanup (10 bytes)
Event: 3.595 Thread 0x000001e42e872eb0 nmethod 908 0x000001e412b0f808 code [0x000001e412b0f920, 0x000001e412b0fb00]
Event: 3.596 Thread 0x000001e42e872eb0  909       3       java.util.zip.InflaterInputStream::<init> (70 bytes)
Event: 3.597 Thread 0x000001e42e872eb0 nmethod 909 0x000001e412b0fb88 code [0x000001e412b0fd00, 0x000001e412b10410]
Event: 3.597 Thread 0x000001e42e872eb0  910       3       java.util.zip.ZipFile$InflaterCleanupAction::<init> (15 bytes)
Event: 3.597 Thread 0x000001e42e872eb0 nmethod 910 0x000001e412b10488 code [0x000001e412b105a0, 0x000001e412b107d0]
Event: 3.597 Thread 0x000001e42e872eb0  911       3       java.util.ArrayDeque::add (7 bytes)
Event: 3.597 Thread 0x000001e42e872eb0 nmethod 911 0x000001e412b10808 code [0x000001e412b10920, 0x000001e412b10a78]
Event: 3.597 Thread 0x000001e42e872eb0  912   !   3       java.util.zip.ZipFile$ZipFileInflaterInputStream::close (67 bytes)
Event: 3.597 Thread 0x000001e42e872eb0 nmethod 912 0x000001e412b10b08 code [0x000001e412b10cc0, 0x000001e412b115c0]
Event: 3.597 Thread 0x000001e42e872eb0  913       3       java.util.zip.ZipFile$InflaterCleanupAction::run (12 bytes)
Event: 3.597 Thread 0x000001e42e872eb0 nmethod 913 0x000001e412b11688 code [0x000001e412b117a0, 0x000001e412b11908]
Event: 3.597 Thread 0x000001e42e872eb0  914   !   3       java.util.zip.ZipFile$CleanableResource::releaseInflater (53 bytes)
Event: 3.598 Thread 0x000001e42e872eb0 nmethod 914 0x000001e412b11988 code [0x000001e412b11ae0, 0x000001e412b11ff8]
Event: 3.598 Thread 0x000001e42e872eb0  915   !   3       java.util.zip.Inflater::reset (64 bytes)
Event: 3.598 Thread 0x000001e42e872eb0 nmethod 915 0x000001e412b12088 code [0x000001e412b121e0, 0x000001e412b12610]
Event: 3.598 Thread 0x000001e42e872eb0  916       3       sun.net.www.protocol.file.Handler::parseURL (18 bytes)
Event: 3.598 Thread 0x000001e42e872eb0 nmethod 916 0x000001e412b12688 code [0x000001e412b127c0, 0x000001e412b12980]
Event: 3.598 Thread 0x000001e42e872eb0  917       3       java.net.URLStreamHandler::parseURL (1124 bytes)

GC Heap History (0 events):
No events

Dll operation events (12 events):
Event: 0.014 Loaded shared library C:\Users\micha\.jdks\openjdk-23.0.1\bin\java.dll
Event: 0.057 Loaded shared library C:\Users\micha\.jdks\openjdk-23.0.1\bin\jsvml.dll
Event: 0.110 Loaded shared library C:\Users\micha\.jdks\openjdk-23.0.1\bin\zip.dll
Event: 0.114 Loaded shared library C:\Users\micha\.jdks\openjdk-23.0.1\bin\instrument.dll
Event: 0.119 Loaded shared library C:\Users\micha\.jdks\openjdk-23.0.1\bin\net.dll
Event: 0.121 Loaded shared library C:\Users\micha\.jdks\openjdk-23.0.1\bin\nio.dll
Event: 0.138 Loaded shared library C:\Users\micha\.jdks\openjdk-23.0.1\bin\zip.dll
Event: 0.173 Loaded shared library C:\Program Files\JetBrains\IntelliJ IDEA Community Edition 2024.2.4\bin\breakgen64.dll
Event: 0.184 Loaded shared library C:\Users\micha\.jdks\openjdk-23.0.1\bin\extnet.dll
Event: 2.895 Loaded shared library C:\Users\micha\.jdks\openjdk-23.0.1\bin\jimage.dll
Event: 3.067 Loaded shared library C:\Users\micha\AppData\Local\Temp\jansi-2.4.1-22e91e74d1ce72aa-jansi.dll
Event: 3.078 Loaded shared library C:\Users\micha\.jdks\openjdk-23.0.1\bin\verify.dll

Deoptimization events (20 events):
Event: 3.446 Thread 0x000001e407ed3a90 DEOPT PACKING pc=0x000001e412a4ed0d sp=0x0000004daedfa1c0
Event: 3.446 Thread 0x000001e407ed3a90 DEOPT UNPACKING pc=0x000001e419f74b22 sp=0x0000004daedf9638 mode 0
Event: 3.494 Thread 0x000001e407ed3a90 DEOPT PACKING pc=0x000001e412a384f1 sp=0x0000004daedfd430
Event: 3.494 Thread 0x000001e407ed3a90 DEOPT UNPACKING pc=0x000001e419f74b22 sp=0x0000004daedfc8a0 mode 0
Event: 3.510 Thread 0x000001e407ed3a90 Uncommon trap: trap_request=0xffffff45 fr.pc=0x000001e41a4cc738 relative=0x00000000000004f8
Event: 3.510 Thread 0x000001e407ed3a90 Uncommon trap: reason=unstable_if action=reinterpret pc=0x000001e41a4cc738 method=java.lang.StringLatin1.canEncode(C)Z @ 4 c2
Event: 3.510 Thread 0x000001e407ed3a90 DEOPT PACKING pc=0x000001e41a4cc738 sp=0x0000004daedfe0a0
Event: 3.510 Thread 0x000001e407ed3a90 DEOPT UNPACKING pc=0x000001e419f74402 sp=0x0000004daedfdfd0 mode 2
Event: 3.510 Thread 0x000001e407ed3a90 Uncommon trap: trap_request=0xffffff45 fr.pc=0x000001e41a4deb98 relative=0x00000000000004d8
Event: 3.510 Thread 0x000001e407ed3a90 Uncommon trap: reason=unstable_if action=reinterpret pc=0x000001e41a4deb98 method=java.lang.AbstractStringBuilder.isLatin1()Z @ 10 c2
Event: 3.510 Thread 0x000001e407ed3a90 DEOPT PACKING pc=0x000001e41a4deb98 sp=0x0000004daedfe0c0
Event: 3.510 Thread 0x000001e407ed3a90 DEOPT UNPACKING pc=0x000001e419f74402 sp=0x0000004daedfe050 mode 2
Event: 3.511 Thread 0x000001e407ed3a90 Uncommon trap: trap_request=0xffffff45 fr.pc=0x000001e41a4e1d5c relative=0x000000000000005c
Event: 3.511 Thread 0x000001e407ed3a90 Uncommon trap: reason=unstable_if action=reinterpret pc=0x000001e41a4e1d5c method=java.lang.AbstractStringBuilder.isLatin1()Z @ 10 c2
Event: 3.511 Thread 0x000001e407ed3a90 DEOPT PACKING pc=0x000001e41a4e1d5c sp=0x0000004daedfe0c0
Event: 3.511 Thread 0x000001e407ed3a90 DEOPT UNPACKING pc=0x000001e419f74402 sp=0x0000004daedfe050 mode 2
Event: 3.521 Thread 0x000001e407ed3a90 DEOPT PACKING pc=0x000001e412a2cc3f sp=0x0000004daedfda50
Event: 3.521 Thread 0x000001e407ed3a90 DEOPT UNPACKING pc=0x000001e419f74b22 sp=0x0000004daedfcec8 mode 0
Event: 3.548 Thread 0x000001e407ed3a90 DEOPT PACKING pc=0x000001e412a2cc3f sp=0x0000004daedf8040
Event: 3.548 Thread 0x000001e407ed3a90 DEOPT UNPACKING pc=0x000001e419f74b22 sp=0x0000004daedf74b8 mode 0

Classes loaded (20 events):
Event: 3.464 Loading class java/text/ParseException
Event: 3.464 Loading class java/text/ParseException done
Event: 3.485 Loading class sun/util/calendar/ZoneInfoFile$Checksum
Event: 3.485 Loading class sun/util/calendar/ZoneInfoFile$Checksum done
Event: 3.487 Loading class jdk/internal/module/ModulePatcher$PatchedModuleReader
Event: 3.487 Loading class jdk/internal/module/ModulePatcher$PatchedModuleReader done
Event: 3.487 Loading class sun/net/www/protocol/jrt/Handler
Event: 3.487 Loading class sun/net/www/protocol/jrt/Handler done
Event: 3.508 Loading class sun/text/resources/cldr/FormatData_en
Event: 3.508 Loading class sun/text/resources/cldr/FormatData_en done
Event: 3.508 Loading class sun/text/resources/cldr/FormatData_en_US
Event: 3.508 Loading class sun/text/resources/cldr/FormatData_en_US done
Event: 3.555 Loading class java/io/FilterReader
Event: 3.555 Loading class java/io/FilterReader done
Event: 3.589 Loading class java/io/InvalidObjectException
Event: 3.589 Loading class java/io/ObjectStreamException
Event: 3.589 Loading class java/io/ObjectStreamException done
Event: 3.589 Loading class java/io/InvalidObjectException done
Event: 3.598 Loading class java/util/NoSuchElementException
Event: 3.598 Loading class java/util/NoSuchElementException done

Classes unloaded (0 events):
No events

Classes redefined (0 events):
No events

Internal exceptions (7 events):
Event: 0.167 Thread 0x000001e407ed3a90 Exception <a 'java/lang/NoSuchMethodError'{0x0000000621ecc310}: 'java.lang.Object java.lang.invoke.Invokers$Holder.invokeExact_MT(java.lang.Object, java.lang.Object, java.lang.Object, java.lang.Object, java.lang.Object)'> (0x0000000621ecc310) 
thrown [s\open\src\hotspot\share\interpreter\linkResolver.cpp, line 796]
Event: 0.187 Thread 0x000001e42eacd070 Exception <a 'java/lang/NoSuchMethodError'{0x0000000621eea8a0}: 'void java.lang.invoke.DirectMethodHandle$Holder.invokeStatic(java.lang.Object, java.lang.Object)'> (0x0000000621eea8a0) 
thrown [s\open\src\hotspot\share\interpreter\linkResolver.cpp, line 796]
Event: 0.216 Thread 0x000001e407ed3a90 Exception <a 'java/lang/NoSuchMethodError'{0x0000000621fc32c0}: 'int java.lang.invoke.DirectMethodHandle$Holder.invokeSpecial(java.lang.Object, java.lang.Object, java.lang.Object)'> (0x0000000621fc32c0) 
thrown [s\open\src\hotspot\share\interpreter\linkResolver.cpp, line 796]
Event: 2.890 Thread 0x000001e407ed3a90 Exception <a 'java/lang/NullPointerException'{0x0000000621a48d90}> (0x0000000621a48d90) 
thrown [s\open\src\hotspot\share\interpreter\linkResolver.cpp, line 1389]
Event: 2.901 Thread 0x000001e407ed3a90 Exception <a 'sun/nio/fs/WindowsException'{0x0000000621a6d298}> (0x0000000621a6d298) 
thrown [s\open\src\hotspot\share\prims\jni.cpp, line 520]
Event: 3.087 Thread 0x000001e407ed3a90 Exception <a 'java/lang/NoSuchMethodError'{0x0000000621b8dd68}: 'void java.lang.invoke.DirectMethodHandle$Holder.invokeStaticInit(java.lang.Object, java.lang.Object)'> (0x0000000621b8dd68) 
thrown [s\open\src\hotspot\share\interpreter\linkResolver.cpp, line 796]
Event: 3.436 Thread 0x000001e407ed3a90 Exception <a 'java/lang/NoSuchMethodError'{0x0000000621547440}: 'java.lang.Object java.lang.invoke.DirectMethodHandle$Holder.invokeSpecialIFC(java.lang.Object, java.lang.Object, java.lang.Object, java.lang.Object)'> (0x0000000621547440) 
thrown [s\open\src\hotspot\share\interpreter\linkResolver.cpp, line 796]

VM Operations (6 events):
Event: 0.092 Executing VM operation: HandshakeAllThreads (Deoptimize)
Event: 0.092 Executing VM operation: HandshakeAllThreads (Deoptimize) done
Event: 2.889 Executing VM operation: HandshakeAllThreads (Deoptimize)
Event: 2.889 Executing VM operation: HandshakeAllThreads (Deoptimize) done
Event: 2.898 Executing VM operation: HandshakeAllThreads (Deoptimize)
Event: 2.898 Executing VM operation: HandshakeAllThreads (Deoptimize) done

Memory protections (0 events):
No events

Nmethod flushes (0 events):
No events

Events (19 events):
Event: 0.041 Thread 0x000001e407ed3a90 Thread added: 0x000001e407ed3a90
Event: 0.054 Thread 0x000001e407ed3a90 Thread added: 0x000001e42e858fe0
Event: 0.055 Thread 0x000001e407ed3a90 Thread added: 0x000001e42e859e00
Event: 0.055 Thread 0x000001e407ed3a90 Thread added: 0x000001e42e85c510
Event: 0.055 Thread 0x000001e407ed3a90 Thread added: 0x000001e42e85f080
Event: 0.055 Thread 0x000001e407ed3a90 Thread added: 0x000001e42e85fae0
Event: 0.055 Thread 0x000001e407ed3a90 Thread added: 0x000001e42e868680
Event: 0.055 Thread 0x000001e407ed3a90 Thread added: 0x000001e42e86a350
Event: 0.055 Thread 0x000001e407ed3a90 Thread added: 0x000001e42e872eb0
Event: 0.085 Thread 0x000001e407ed3a90 Thread added: 0x000001e42e964d80
Event: 0.105 Thread 0x000001e42e872eb0 Thread added: 0x000001e42ea77f30
Event: 0.174 Thread 0x000001e407ed3a90 Thread added: 0x000001e42eacd070
Event: 0.174 Thread 0x000001e407ed3a90 Thread added: 0x000001e42eacf190
Event: 0.363 Thread 0x000001e42ea77f30 Thread exited: 0x000001e42ea77f30
Event: 2.893 Thread 0x000001e407ed3a90 Thread added: 0x000001e4741326c0
Event: 2.902 Thread 0x000001e42e86a350 Thread added: 0x000001e47415fb20
Event: 2.982 Thread 0x000001e4741326c0 Thread exited: 0x000001e4741326c0
Event: 3.064 Thread 0x000001e47415fb20 Thread exited: 0x000001e47415fb20
Event: 3.513 Thread 0x000001e42e872eb0 Thread added: 0x000001e47424f730


Dynamic libraries:
0x00007ff621f70000 - 0x00007ff621f7e000 	C:\Users\micha\.jdks\openjdk-23.0.1\bin\java.exe
0x00007ffd0bc70000 - 0x00007ffd0be87000 	C:\WINDOWS\SYSTEM32\ntdll.dll
0x00007ffd0a140000 - 0x00007ffd0a204000 	C:\WINDOWS\System32\KERNEL32.DLL
0x00007ffd09470000 - 0x00007ffd09827000 	C:\WINDOWS\System32\KERNELBASE.dll
0x00007ffd092a0000 - 0x00007ffd093b1000 	C:\WINDOWS\System32\ucrtbase.dll
0x00007ffcdfa20000 - 0x00007ffcdfa37000 	C:\Users\micha\.jdks\openjdk-23.0.1\bin\jli.dll
0x00007ffcdfa80000 - 0x00007ffcdfa9b000 	C:\Users\micha\.jdks\openjdk-23.0.1\bin\VCRUNTIME140.dll
0x00007ffd09d90000 - 0x00007ffd09f3f000 	C:\WINDOWS\System32\USER32.dll
0x00007ffcf6fe0000 - 0x00007ffcf7273000 	C:\WINDOWS\WinSxS\amd64_microsoft.windows.common-controls_6595b64144ccf1df_6.0.22621.3672_none_2713b9d173822955\COMCTL32.dll
0x00007ffd08f80000 - 0x00007ffd08fa6000 	C:\WINDOWS\System32\win32u.dll
0x00007ffd0a090000 - 0x00007ffd0a137000 	C:\WINDOWS\System32\msvcrt.dll
0x00007ffd0a210000 - 0x00007ffd0a239000 	C:\WINDOWS\System32\GDI32.dll
0x00007ffd09020000 - 0x00007ffd09138000 	C:\WINDOWS\System32\gdi32full.dll
0x00007ffd09140000 - 0x00007ffd091da000 	C:\WINDOWS\System32\msvcp_win.dll
0x00007ffd0b990000 - 0x00007ffd0b9c1000 	C:\WINDOWS\System32\IMM32.DLL
0x00007ffd047f0000 - 0x00007ffd047fc000 	C:\Users\micha\.jdks\openjdk-23.0.1\bin\vcruntime140_1.dll
0x00007ffcb2c30000 - 0x00007ffcb2cbe000 	C:\Users\micha\.jdks\openjdk-23.0.1\bin\msvcp140.dll
0x00007ffc59f60000 - 0x00007ffc5acaf000 	C:\Users\micha\.jdks\openjdk-23.0.1\bin\server\jvm.dll
0x00007ffd09c50000 - 0x00007ffd09d02000 	C:\WINDOWS\System32\ADVAPI32.dll
0x00007ffd0b550000 - 0x00007ffd0b5f8000 	C:\WINDOWS\System32\sechost.dll
0x00007ffd09440000 - 0x00007ffd09468000 	C:\WINDOWS\System32\bcrypt.dll
0x00007ffd0b430000 - 0x00007ffd0b544000 	C:\WINDOWS\System32\RPCRT4.dll
0x00007ffd0a240000 - 0x00007ffd0a2b1000 	C:\WINDOWS\System32\WS2_32.dll
0x00007ffd07df0000 - 0x00007ffd07e3d000 	C:\WINDOWS\SYSTEM32\POWRPROF.dll
0x00007ffd03700000 - 0x00007ffd03734000 	C:\WINDOWS\SYSTEM32\WINMM.dll
0x00007ffcfeba0000 - 0x00007ffcfebaa000 	C:\WINDOWS\SYSTEM32\VERSION.dll
0x00007ffd07dd0000 - 0x00007ffd07de3000 	C:\WINDOWS\SYSTEM32\UMPDC.dll
0x00007ffd08080000 - 0x00007ffd08098000 	C:\WINDOWS\SYSTEM32\kernel.appcore.dll
0x00007ffcfe9b0000 - 0x00007ffcfe9ba000 	C:\Users\micha\.jdks\openjdk-23.0.1\bin\jimage.dll
0x00007ffd06960000 - 0x00007ffd06b92000 	C:\WINDOWS\SYSTEM32\DBGHELP.DLL
0x00007ffd0b600000 - 0x00007ffd0b98e000 	C:\WINDOWS\System32\combase.dll
0x00007ffd0b350000 - 0x00007ffd0b427000 	C:\WINDOWS\System32\OLEAUT32.dll
0x00007ffd006c0000 - 0x00007ffd006f2000 	C:\WINDOWS\SYSTEM32\dbgcore.DLL
0x00007ffd093c0000 - 0x00007ffd0943b000 	C:\WINDOWS\System32\bcryptPrimitives.dll
0x00007ffcf18d0000 - 0x00007ffcf18df000 	C:\Users\micha\.jdks\openjdk-23.0.1\bin\instrument.dll
0x00007ffcdf9e0000 - 0x00007ffcdf9fe000 	C:\Users\micha\.jdks\openjdk-23.0.1\bin\java.dll
0x00007ffd0a2c0000 - 0x00007ffd0a465000 	C:\WINDOWS\System32\ole32.dll
0x00007ffd0a480000 - 0x00007ffd0ace9000 	C:\WINDOWS\System32\SHELL32.dll
0x00007ffd06d40000 - 0x00007ffd0763f000 	C:\WINDOWS\SYSTEM32\windows.storage.dll
0x00007ffd07670000 - 0x00007ffd077af000 	C:\WINDOWS\SYSTEM32\wintypes.dll
0x00007ffd0b9d0000 - 0x00007ffd0bac9000 	C:\WINDOWS\System32\SHCORE.dll
0x00007ffd09fa0000 - 0x00007ffd09ffe000 	C:\WINDOWS\System32\shlwapi.dll
0x00007ffd08eb0000 - 0x00007ffd08ed7000 	C:\WINDOWS\SYSTEM32\profapi.dll
0x00007ffcb2b50000 - 0x00007ffcb2c27000 	C:\Users\micha\.jdks\openjdk-23.0.1\bin\jsvml.dll
0x00007ffcdb650000 - 0x00007ffcdb667000 	C:\Users\micha\.jdks\openjdk-23.0.1\bin\zip.dll
0x00007ffcf6700000 - 0x00007ffcf6710000 	C:\Users\micha\.jdks\openjdk-23.0.1\bin\net.dll
0x00007ffd084e0000 - 0x00007ffd08549000 	C:\WINDOWS\system32\mswsock.dll
0x00007ffcdf780000 - 0x00007ffcdf796000 	C:\Users\micha\.jdks\openjdk-23.0.1\bin\nio.dll
0x00007ffcdb9b0000 - 0x00007ffcdb9ca000 	C:\Program Files\JetBrains\IntelliJ IDEA Community Edition 2024.2.4\bin\breakgen64.dll
0x00007ffcec450000 - 0x00007ffcec459000 	C:\Users\micha\.jdks\openjdk-23.0.1\bin\extnet.dll
0x00007ffcf4980000 - 0x00007ffcf49a4000 	C:\Users\micha\AppData\Local\Temp\jansi-2.4.1-22e91e74d1ce72aa-jansi.dll
0x00007ffcdf770000 - 0x00007ffcdf780000 	C:\Users\micha\.jdks\openjdk-23.0.1\bin\verify.dll

dbghelp: loaded successfully - version: 4.0.5 - missing functions: none
symbol engine: initialized successfully - sym options: 0x614 - pdb path: .;C:\Users\micha\.jdks\openjdk-23.0.1\bin;C:\WINDOWS\SYSTEM32;C:\WINDOWS\WinSxS\amd64_microsoft.windows.common-controls_6595b64144ccf1df_6.0.22621.3672_none_2713b9d173822955;C:\Users\micha\.jdks\openjdk-23.0.1\bin\server;C:\Program Files\JetBrains\IntelliJ IDEA Community Edition 2024.2.4\bin;C:\Users\micha\AppData\Local\Temp

VM Arguments:
jvm_args: -Dmaven.multiModuleProjectDirectory=C:\learning\springboot\movie-catalog-service -Djansi.passthrough=true -Dmaven.home=C:\Users\micha\.m2\wrapper\dists\apache-maven-3.9.9-bin\4nf9hui3q3djbarqar9g711ggc\apache-maven-3.9.9 -Dclassworlds.conf=C:\Users\micha\.m2\wrapper\dists\apache-maven-3.9.9-bin\4nf9hui3q3djbarqar9g711ggc\apache-maven-3.9.9\bin\m2.conf -Dmaven.ext.class.path=C:\Program Files\JetBrains\IntelliJ IDEA Community Edition 2024.2.4\plugins\maven\lib\maven-event-listener.jar -javaagent:C:\Program Files\JetBrains\IntelliJ IDEA Community Edition 2024.2.4\lib\idea_rt.jar=52530:C:\Program Files\JetBrains\IntelliJ IDEA Community Edition 2024.2.4\bin -Dfile.encoding=UTF-8 -Dsun.stdout.encoding=UTF-8 -Dsun.stderr.encoding=UTF-8 
java_command: org.codehaus.classworlds.Launcher -Didea.version=2024.2.4 -s C:\Users\micha\.m2\settings2.xml clean install
java_class_path (initial): C:\Users\micha\.m2\wrapper\dists\apache-maven-3.9.9-bin\4nf9hui3q3djbarqar9g711ggc\apache-maven-3.9.9\boot\plexus-classworlds-2.8.0.jar;C:\Users\micha\.m2\wrapper\dists\apache-maven-3.9.9-bin\4nf9hui3q3djbarqar9g711ggc\apache-maven-3.9.9\boot\plexus-classworlds.license
Launcher Type: SUN_STANDARD

[Global flags]
     intx CICompilerCount                          = 4                                         {product} {ergonomic}
     uint ConcGCThreads                            = 2                                         {product} {ergonomic}
     uint G1ConcRefinementThreads                  = 8                                         {product} {ergonomic}
   size_t G1HeapRegionSize                         = 4194304                                   {product} {ergonomic}
   size_t InitialHeapSize                          = 536870912                                 {product} {ergonomic}
   size_t MarkStackSize                            = 4194304                                   {product} {ergonomic}
   size_t MarkStackSizeMax                         = 536870912                                 {product} {ergonomic}
   size_t MaxHeapSize                              = 8556380160                                {product} {ergonomic}
   size_t MaxNewSize                               = 5133828096                                {product} {ergonomic}
   size_t MinHeapDeltaBytes                        = 4194304                                   {product} {ergonomic}
   size_t MinHeapSize                              = 8388608                                   {product} {ergonomic}
    uintx NonNMethodCodeHeapSize                   = 5832704                                {pd product} {ergonomic}
    uintx NonProfiledCodeHeapSize                  = 122945536                              {pd product} {ergonomic}
    uintx ProfiledCodeHeapSize                     = 122880000                              {pd product} {ergonomic}
    uintx ReservedCodeCacheSize                    = 251658240                              {pd product} {ergonomic}
     bool SegmentedCodeCache                       = true                                      {product} {ergonomic}
   size_t SoftMaxHeapSize                          = 8556380160                             {manageable} {ergonomic}
     bool UseCompressedOops                        = true                           {product lp64_product} {ergonomic}
     bool UseG1GC                                  = true                                      {product} {ergonomic}
     bool UseLargePagesIndividualAllocation        = false                                  {pd product} {ergonomic}

Logging:
Log output configuration:
 #0: stdout all=warning uptime,level,tags foldmultilines=false
 #1: stderr all=off uptime,level,tags foldmultilines=false

Environment Variables:
PATH=C:\WINDOWS\system32;C:\WINDOWS;C:\WINDOWS\System32\Wbem;C:\WINDOWS\System32\WindowsPowerShell\v1.0\;C:\WINDOWS\System32\OpenSSH\;C:\Users\micha\AppData\Roaming\nvm;C:\Program Files\nodejs;C:\Users\micha\AppData\Local\Microsoft\WindowsApps;C:\Program Files\JetBrains\IntelliJ IDEA Community Edition 2024.2.4\bin;;C:\Users\micha\AppData\Local\Programs\Microsoft VS Code\bin;C:\Users\micha\AppData\Roaming\nvm;C:\Program Files\nodejs
USERNAME=micha
OS=Windows_NT
PROCESSOR_IDENTIFIER=Intel64 Family 6 Model 142 Stepping 10, GenuineIntel
TMP=C:\Users\micha\AppData\Local\Temp
TEMP=C:\Users\micha\AppData\Local\Temp




Periodic native trim disabled

---------------  S Y S T E M  ---------------

OS:
 Windows 11 , 64 bit Build 22621 (10.0.22621.3958)
OS uptime: 17 days 16:52 hours
Hyper-V role detected

CPU: total 8 (initial active 8) (4 cores per cpu, 2 threads per core) family 6 model 142 stepping 10 microcode 0xf6, cx8, cmov, fxsr, ht, mmx, 3dnowpref, sse, sse2, sse3, ssse3, sse4.1, sse4.2, popcnt, lzcnt, tsc, tscinvbit, avx, avx2, aes, erms, clmul, bmi1, bmi2, rtm, adx, fma, vzeroupper, clflush, clflushopt, hv, rdtscp, f16c
Processor Information for the first 8 processors :
  Max Mhz: 1896, Current Mhz: 1696, Mhz Limit: 1687

Memory: 4k page, system-wide physical 32626M (1685M free)
TotalPageFile size 93551M (AvailPageFile size 0M)
current process WorkingSet (physical memory assigned to process): 70M, peak: 70M
current process commit charge ("private bytes"): 619M, peak: 619M

vm_info: OpenJDK 64-Bit Server VM (23.0.1+11-39) for windows-amd64 JRE (23.0.1+11-39), built on 2024-09-30T07:20:43Z with MS VC++ 17.6 (VS2022)

END.
